0 info it worked if it ends with ok
1 verbose cli [ '/Users/alichen/.nvm/versions/node/v4.4.5/bin/node',
1 verbose cli   '/Users/alichen/.nvm/versions/node/v4.4.5/bin/npm',
1 verbose cli   'start',
1 verbose cli   '--p=3000' ]
2 info using npm@3.10.5
3 info using node@v4.4.5
4 verbose run-script [ 'prestart', 'start', 'poststart' ]
5 info lifecycle frontend-boilerplate@0.0.1~prestart: frontend-boilerplate@0.0.1
6 silly lifecycle frontend-boilerplate@0.0.1~prestart: no script for prestart, continuing
7 info lifecycle frontend-boilerplate@0.0.1~start: frontend-boilerplate@0.0.1
8 verbose lifecycle frontend-boilerplate@0.0.1~start: unsafe-perm in lifecycle true
9 verbose lifecycle frontend-boilerplate@0.0.1~start: PATH: /Users/alichen/.nvm/versions/node/v4.4.5/lib/node_modules/npm/bin/node-gyp-bin:/Users/alichen/Workspace/frontend/frontend-boilerplate/node_modules/.bin:/Users/alichen/.nvm/versions/node/v4.4.5/bin:/Users/alichen/.nvm/versions/node/v4.4.5/bin:/usr/local/bin:/usr/bin:/bin:/usr/sbin:/sbin:/Users/alichen/Library/Android/sdk/tools:/Users/alichen/Library/Android/sdk/platform-tools:/Users/alichen/Workspace/env/apache-tomcat-6.0.47/bin:/Users/alichen/Workspace/env/apache-maven-3.3.9/bin
10 verbose lifecycle frontend-boilerplate@0.0.1~start: CWD: /Users/alichen/Workspace/frontend/frontend-boilerplate
11 silly lifecycle frontend-boilerplate@0.0.1~start: Args: [ '-c',
11 silly lifecycle   'NODE_ENV=develop node ./task/develop-server.js "3000"' ]
12 silly lifecycle frontend-boilerplate@0.0.1~start: Returned: code: 1  signal: null
13 info lifecycle frontend-boilerplate@0.0.1~start: Failed to exec start script
14 verbose stack Error: frontend-boilerplate@0.0.1 start: `NODE_ENV=develop node ./task/develop-server.js "3000"`
14 verbose stack Exit status 1
14 verbose stack     at EventEmitter.<anonymous> (/Users/alichen/.nvm/versions/node/v4.4.5/lib/node_modules/npm/lib/utils/lifecycle.js:242:16)
14 verbose stack     at emitTwo (events.js:87:13)
14 verbose stack     at EventEmitter.emit (events.js:172:7)
14 verbose stack     at ChildProcess.<anonymous> (/Users/alichen/.nvm/versions/node/v4.4.5/lib/node_modules/npm/lib/utils/spawn.js:40:14)
14 verbose stack     at emitTwo (events.js:87:13)
14 verbose stack     at ChildProcess.emit (events.js:172:7)
14 verbose stack     at maybeClose (internal/child_process.js:827:16)
14 verbose stack     at Process.ChildProcess._handle.onexit (internal/child_process.js:211:5)
15 verbose pkgid frontend-boilerplate@0.0.1
16 verbose cwd /Users/alichen/Workspace/frontend/frontend-boilerplate
17 error Darwin 15.6.0
18 error argv "/Users/alichen/.nvm/versions/node/v4.4.5/bin/node" "/Users/alichen/.nvm/versions/node/v4.4.5/bin/npm" "start" "--p=3000"
19 error node v4.4.5
20 error npm  v3.10.5
21 error code ELIFECYCLE
22 error frontend-boilerplate@0.0.1 start: `NODE_ENV=develop node ./task/develop-server.js "3000"`
22 error Exit status 1
23 error Failed at the frontend-boilerplate@0.0.1 start script 'NODE_ENV=develop node ./task/develop-server.js "3000"'.
23 error Make sure you have the latest version of node.js and npm installed.
23 error If you do, this is most likely a problem with the frontend-boilerplate package,
23 error not with npm itself.
23 error Tell the author that this fails on your system:
23 error     NODE_ENV=develop node ./task/develop-server.js "3000"
23 error You can get information on how to open an issue for this project with:
23 error     npm bugs frontend-boilerplate
23 error Or if that isn't available, you can get their info via:
23 error     npm owner ls frontend-boilerplate
23 error There is likely additional logging output above.
24 verbose exit [ 1, true ]
